<?xml version="1.0" encoding="UTF-8"?>
<!-- Generated by org.testng.reporters.JUnitReportReporter -->
<testsuite hostname="Toshiba" failures="0" tests="1" name="TestMain" time="0.993" errors="0" timestamp="2021-06-25T18:42:15 GMT" skipped="0">
  <testcase classname="TestMain" name="TestConnexion" time="0.993"/>
  <system-out/>
</testsuite> <!-- TestMain -->
